\BOOKMARK [0][-]{chapter.1}{Introduction}{}% 1
\BOOKMARK [1][-]{section.1.1}{Classical Mechanics}{chapter.1}% 2
\BOOKMARK [2][-]{subsection.1.1.1}{Newtonian Mechanics}{section.1.1}% 3
\BOOKMARK [2][-]{subsection.1.1.2}{Analytical Dynamics}{section.1.1}% 4
\BOOKMARK [1][-]{section.1.2}{Quantum Mechanics}{chapter.1}% 5
\BOOKMARK [1][-]{section.1.3}{Relativistic}{chapter.1}% 6
\BOOKMARK [1][-]{section.1.4}{Energy}{chapter.1}% 7
\BOOKMARK [-1][-]{part.1}{I Classical Mechanics}{}% 8
\BOOKMARK [0][-]{chapter.2}{Introduction}{part.1}% 9
\BOOKMARK [0][-]{chapter.3}{Frame of Reference}{part.1}% 10
\BOOKMARK [1][-]{section.3.1}{Coordinate System}{chapter.3}% 11
\BOOKMARK [1][-]{section.3.2}{Transformation}{chapter.3}% 12
\BOOKMARK [1][-]{section.3.3}{Inertial Frame of Reference}{chapter.3}% 13
\BOOKMARK [1][-]{section.3.4}{Galiliean Transformation}{chapter.3}% 14
\BOOKMARK [2][-]{subsection.3.4.1}{Galiliean Invariance}{section.3.4}% 15
\BOOKMARK [1][-]{section.3.5}{Euler Angles}{chapter.3}% 16
\BOOKMARK [1][-]{section.3.6}{Generalized Coordinate}{chapter.3}% 17
\BOOKMARK [1][-]{section.3.7}{Constraints and Degrees of Freedom}{chapter.3}% 18
\BOOKMARK [2][-]{subsection.3.7.1}{Holonomic Constraint}{section.3.7}% 19
\BOOKMARK [2][-]{subsection.3.7.2}{Non-holonomic Constraint}{section.3.7}% 20
\BOOKMARK [0][-]{chapter.4}{Kinematics}{part.1}% 21
\BOOKMARK [1][-]{section.4.1}{Introduction}{chapter.4}% 22
\BOOKMARK [1][-]{section.4.2}{Position}{chapter.4}% 23
\BOOKMARK [1][-]{section.4.3}{Velocity}{chapter.4}% 24
\BOOKMARK [1][-]{section.4.4}{Acceleration}{chapter.4}% 25
\BOOKMARK [2][-]{subsection.4.4.1}{Particle trajectories in cylindrical-polar coordinates}{section.4.4}% 26
\BOOKMARK [1][-]{section.4.5}{Moving Reference Frame}{chapter.4}% 27
\BOOKMARK [1][-]{section.4.6}{Rotation}{chapter.4}% 28
\BOOKMARK [1][-]{section.4.7}{Kinematics Constraints}{chapter.4}% 29
\BOOKMARK [0][-]{chapter.5}{Force}{part.1}% 30
\BOOKMARK [1][-]{section.5.1}{Funcamental Forces}{chapter.5}% 31
\BOOKMARK [1][-]{section.5.2}{Non-Funcamental Forces}{chapter.5}% 32
\BOOKMARK [2][-]{subsection.5.2.1}{Normal Force}{section.5.2}% 33
\BOOKMARK [2][-]{subsection.5.2.2}{Friction}{section.5.2}% 34
\BOOKMARK [2][-]{subsection.5.2.3}{Tension}{section.5.2}% 35
\BOOKMARK [2][-]{subsection.5.2.4}{Elastic Force}{section.5.2}% 36
\BOOKMARK [2][-]{subsection.5.2.5}{Continuum Mechanics}{section.5.2}% 37
\BOOKMARK [0][-]{chapter.6}{Newtonian Mechanics}{part.1}% 38
\BOOKMARK [1][-]{section.6.1}{Introduction}{chapter.6}% 39
\BOOKMARK [2][-]{subsection.6.1.1}{}{section.6.1}% 40
\BOOKMARK [1][-]{section.6.2}{Momentum}{chapter.6}% 41
\BOOKMARK [2][-]{subsection.6.2.1}{Dependence on reference frame}{section.6.2}% 42
\BOOKMARK [2][-]{subsection.6.2.2}{conservation}{section.6.2}% 43
\BOOKMARK [2][-]{subsection.6.2.3}{Angular Momentum}{section.6.2}% 44
\BOOKMARK [1][-]{section.6.3}{Dynamics}{chapter.6}% 45
\BOOKMARK [2][-]{subsection.6.3.1}{Newton's Laws of Motion}{section.6.3}% 46
\BOOKMARK [2][-]{subsection.6.3.2}{Euler's Laws of Motion}{section.6.3}% 47
\BOOKMARK [2][-]{subsection.6.3.3}{Roational Dynamics}{section.6.3}% 48
\BOOKMARK [2][-]{subsection.6.3.4}{Statics}{section.6.3}% 49
\BOOKMARK [1][-]{section.6.4}{Oscillation}{chapter.6}% 50
\BOOKMARK [2][-]{subsection.6.4.1}{Harmonic Oscillator}{section.6.4}% 51
\BOOKMARK [0][-]{chapter.7}{Energy}{part.1}% 52
\BOOKMARK [1][-]{section.7.1}{Work}{chapter.7}% 53
\BOOKMARK [2][-]{subsection.7.1.1}{Computation}{section.7.1}% 54
\BOOKMARK [2][-]{subsection.7.1.2}{Work-energy Principle}{section.7.1}% 55
\BOOKMARK [1][-]{section.7.2}{Kinetic Energy}{chapter.7}% 56
\BOOKMARK [1][-]{section.7.3}{Potential Energy}{chapter.7}% 57
\BOOKMARK [2][-]{subsection.7.3.1}{Conservative Force}{section.7.3}% 58
\BOOKMARK [2][-]{subsection.7.3.2}{Non-conservative Force}{section.7.3}% 59
\BOOKMARK [1][-]{section.7.4}{Conservation of Energy}{chapter.7}% 60
\BOOKMARK [0][-]{chapter.8}{Newton's Law of Universal Gravitation}{part.1}% 61
\BOOKMARK [1][-]{section.8.1}{Vector Form}{chapter.8}% 62
\BOOKMARK [1][-]{section.8.2}{Gravitational Field}{chapter.8}% 63
\BOOKMARK [0][-]{chapter.9}{Lagrangian Mechanics}{part.1}% 64
\BOOKMARK [1][-]{section.9.1}{Introduction}{chapter.9}% 65
\BOOKMARK [2][-]{subsection.9.1.1}{ }{section.9.1}% 66
\BOOKMARK [0][-]{chapter.10}{Hamiltonian Mechanics}{part.1}% 67
\BOOKMARK [1][-]{section.10.1}{Introduction}{chapter.10}% 68
\BOOKMARK [2][-]{subsection.10.1.1}{ }{section.10.1}% 69
\BOOKMARK [-1][-]{part.2}{II Quantum Mechanics}{}% 70
\BOOKMARK [-1][-]{part.3}{III Relativistic}{}% 71
\BOOKMARK [0][-]{chapter.11}{Special Relativity}{part.3}% 72
\BOOKMARK [1][-]{section.11.1}{Lorentz Transformation}{chapter.11}% 73
